<?xml version="1.0" encoding="UTF-8"?>
<testsuite xmlns:xsi="http://www.w3.org/2001/XMLSchema-instance" xsi:noNamespaceSchemaLocation="https://maven.apache.org/surefire/maven-surefire-plugin/xsd/surefire-test-report.xsd" name="com.exampl.AccountNegativTest" time="0.437" tests="6" errors="0" skipped="0" failures="0">
  <properties>
[...]
</properties>
  <testcase name="checkNegativNameToPrintTest[0]" classname="com.exampl.AccountNegativTest" time="0.272"/>
  <testcase name="checkNegativNameToPrintTest[1]" classname="com.exampl.AccountNegativTest" time="0"/>
  <testcase name="checkNegativNameToPrintTest[2]" classname="com.exampl.AccountNegativTest" time="0"/>
  <testcase name="checkNegativNameToPrintTest[3]" classname="com.exampl.AccountNegativTest" time="0"/>
  <testcase name="checkNegativNameToPrintTest[4]" classname="com.exampl.AccountNegativTest" time="0.015"/>
  <testcase name="checkNegativNameToPrintTest[5]" classname="com.exampl.AccountNegativTest" time="0"/>
</testsuite>